2025-10-16 00:10:01 正在执行cron备份任务...
2025-10-16 00:10:01 warning: The `tool.uv.dev-dependencies` field (used in `pyproject.toml`) is deprecated and will be removed in a future release; use `dependency-groups.dev` instead
2025-10-16 00:10:02 /home/yiyulin/full-stack-fastapi/backend/.venv/lib/python3.12/site-packages/pydantic/_internal/_config.py:341: UserWarning: Valid config keys have changed in V2:
2025-10-16 00:10:02 * 'orm_mode' has been renamed to 'from_attributes'
2025-10-16 00:10:02   warnings.warn(message, UserWarning)
2025-10-16 00:10:41 warning: The `tool.uv.dev-dependencies` field (used in `pyproject.toml`) is deprecated and will be removed in a future release; use `dependency-groups.dev` instead
2025-10-16 00:10:42 /home/yiyulin/full-stack-fastapi/backend/.venv/lib/python3.12/site-packages/pydantic/_internal/_config.py:341: UserWarning: Valid config keys have changed in V2:
2025-10-16 00:10:42 * 'orm_mode' has been renamed to 'from_attributes'
2025-10-16 00:10:42   warnings.warn(message, UserWarning)
2025-10-16 00:10:44 cron任务执行完成。耗时: 33 秒
2025-10-17 00:10:01 正在执行cron备份任务...
2025-10-17 00:10:01 warning: The `tool.uv.dev-dependencies` field (used in `pyproject.toml`) is deprecated and will be removed in a future release; use `dependency-groups.dev` instead
2025-10-17 00:10:01 /home/yiyulin/full-stack-fastapi/backend/.venv/lib/python3.12/site-packages/pydantic/_internal/_config.py:341: UserWarning: Valid config keys have changed in V2:
2025-10-17 00:10:01 * 'orm_mode' has been renamed to 'from_attributes'
2025-10-17 00:10:01   warnings.warn(message, UserWarning)
2025-10-17 00:10:41 warning: The `tool.uv.dev-dependencies` field (used in `pyproject.toml`) is deprecated and will be removed in a future release; use `dependency-groups.dev` instead
2025-10-17 00:10:42 /home/yiyulin/full-stack-fastapi/backend/.venv/lib/python3.12/site-packages/pydantic/_internal/_config.py:341: UserWarning: Valid config keys have changed in V2:
2025-10-17 00:10:42 * 'orm_mode' has been renamed to 'from_attributes'
2025-10-17 00:10:42   warnings.warn(message, UserWarning)
2025-10-17 00:10:43 cron任务执行完成。耗时: 32 秒
